# JRE version: Java(TM) SE Runtime Environment (8.0_65-b17) (build 1.8.0_65-b17)
# Java VM: Java HotSpot(TM) 64-Bit Server VM (25.65-b01 mixed mode windows-amd64 compressed oops)
Heap:
 PSYoungGen      total 38400K, used 34950K [0x00000000f0000000, 0x00000000f2a80000, 0x0000000100000000)
  eden space 33280K, 89% used [0x00000000f0000000,0x00000000f1d29b38,0x00000000f2080000)
  from space 5120K, 99% used [0x00000000f2580000,0x00000000f2a78010,0x00000000f2a80000)
  to   space 5120K, 0% used [0x00000000f2080000,0x00000000f2080000,0x00000000f2580000)
 ParOldGen       total 87552K, used 30374K [0x00000000d0000000, 0x00000000d5580000, 0x00000000f0000000)
  object space 87552K, 34% used [0x00000000d0000000,0x00000000d1da99a8,0x00000000d5580000)
 Metaspace       used 9835K, capacity 10310K, committed 10496K, reserved 1058816K
  class space    used 1503K, capacity 1521K, committed 1536K, reserved 1048576K
GC Heap History (10 events):
Event: 8.870 GC heap before
{Heap before GC invocations=4 (full 0):
 PSYoungGen      total 38400K, used 38393K [0x00000000f0000000, 0x00000000f2a80000, 0x0000000100000000)
  eden space 33280K, 100% used [0x00000000f0000000,0x00000000f2080000,0x00000000f2080000)
  from space 5120K, 99% used [0x00000000f2080000,0x00000000f257e650,0x00000000f2580000)
  to   space 5120K, 0% used [0x00000000f2580000,0x00000000f2580000,0x00000000f2a80000)
 ParOldGen       total 87552K, used 9064K [0x00000000d0000000, 0x00000000d5580000, 0x00000000f0000000)
  object space 87552K, 10% used [0x00000000d0000000,0x00000000d08da2a0,0x00000000d5580000)
 Metaspace       used 9193K, capacity 9792K, committed 9984K, reserved 1058816K
  class space    used 1422K, capacity 1456K, committed 1536K, reserved 1048576K
Event: 8.893 GC heap after
Heap after GC invocations=4 (full 0):
 PSYoungGen      total 38400K, used 5093K [0x00000000f0000000, 0x00000000f2a80000, 0x0000000100000000)
  eden space 33280K, 0% used [0x00000000f0000000,0x00000000f0000000,0x00000000f2080000)
  from space 5120K, 99% used [0x00000000f2580000,0x00000000f2a79750,0x00000000f2a80000)
  to   space 5120K, 0% used [0x00000000f2080000,0x00000000f2080000,0x00000000f2580000)
 ParOldGen       total 87552K, used 14314K [0x00000000d0000000, 0x00000000d5580000, 0x00000000f0000000)
  object space 87552K, 16% used [0x00000000d0000000,0x00000000d0dfa978,0x00000000d5580000)
 Metaspace       used 9193K, capacity 9792K, committed 9984K, reserved 1058816K
  class space    used 1422K, capacity 1456K, committed 1536K, reserved 1048576K
}
Event: 9.220 GC heap before
{Heap before GC invocations=5 (full 0):
 PSYoungGen      total 38400K, used 38373K [0x00000000f0000000, 0x00000000f2a80000, 0x0000000100000000)
  eden space 33280K, 100% used [0x00000000f0000000,0x00000000f2080000,0x00000000f2080000)
  from space 5120K, 99% used [0x00000000f2580000,0x00000000f2a79750,0x00000000f2a80000)
  to   space 5120K, 0% used [0x00000000f2080000,0x00000000f2080000,0x00000000f2580000)
 ParOldGen       total 87552K, used 14314K [0x00000000d0000000, 0x00000000d5580000, 0x00000000f0000000)
  object space 87552K, 16% used [0x00000000d0000000,0x00000000d0dfa978,0x00000000d5580000)
 Metaspace       used 9374K, capacity 9952K, committed 10240K, reserved 1058816K
  class space    used 1449K, capacity 1488K, committed 1536K, reserved 1048576K
Event: 9.241 GC heap after
Heap after GC invocations=5 (full 0):
 PSYoungGen      total 38400K, used 5093K [0x00000000f0000000, 0x00000000f2a80000, 0x0000000100000000)
  eden space 33280K, 0% used [0x00000000f0000000,0x00000000f0000000,0x00000000f2080000)
  from space 5120K, 99% used [0x00000000f2080000,0x00000000f25796f0,0x00000000f2580000)
  to   space 5120K, 0% used [0x00000000f2580000,0x00000000f2580000,0x00000000f2a80000)
 ParOldGen       total 87552K, used 20067K [0x00000000d0000000, 0x00000000d5580000, 0x00000000f0000000)
  object space 87552K, 22% used [0x00000000d0000000,0x00000000d1398d38,0x00000000d5580000)
 Metaspace       used 9374K, capacity 9952K, committed 10240K, reserved 1058816K
  class space    used 1449K, capacity 1488K, committed 1536K, reserved 1048576K
}
Event: 9.359 GC heap before
{Heap before GC invocations=6 (full 0):
 PSYoungGen      total 38400K, used 38373K [0x00000000f0000000, 0x00000000f2a80000, 0x0000000100000000)
  eden space 33280K, 100% used [0x00000000f0000000,0x00000000f2080000,0x00000000f2080000)
  from space 5120K, 99% used [0x00000000f2080000,0x00000000f25796f0,0x00000000f2580000)
  to   space 5120K, 0% used [0x00000000f2580000,0x00000000f2580000,0x00000000f2a80000)
 ParOldGen       total 87552K, used 20067K [0x00000000d0000000, 0x00000000d5580000, 0x00000000f0000000)
  object space 87552K, 22% used [0x00000000d0000000,0x00000000d1398d38,0x00000000d5580000)
 Metaspace       used 9403K, capacity 10016K, committed 10240K, reserved 1058816K
  class space    used 1450K, capacity 1488K, committed 1536K, reserved 1048576K
Event: 9.376 GC heap after
Heap after GC invocations=6 (full 0):
 PSYoungGen      total 38400K, used 5099K [0x00000000f0000000, 0x00000000f2a80000, 0x0000000100000000)
  eden space 33280K, 0% used [0x00000000f0000000,0x00000000f0000000,0x00000000f2080000)
  from space 5120K, 99% used [0x00000000f2580000,0x00000000f2a7af00,0x00000000f2a80000)
  to   space 5120K, 0% used [0x00000000f2080000,0x00000000f2080000,0x00000000f2580000)
 ParOldGen       total 87552K, used 23571K [0x00000000d0000000, 0x00000000d5580000, 0x00000000f0000000)
  object space 87552K, 26% used [0x00000000d0000000,0x00000000d1704d98,0x00000000d5580000)
 Metaspace       used 9403K, capacity 10016K, committed 10240K, reserved 1058816K
  class space    used 1450K, capacity 1488K, committed 1536K, reserved 1048576K
}
Event: 9.453 GC heap before
{Heap before GC invocations=7 (full 0):
 PSYoungGen      total 38400K, used 38379K [0x00000000f0000000, 0x00000000f2a80000, 0x0000000100000000)
  eden space 33280K, 100% used [0x00000000f0000000,0x00000000f2080000,0x00000000f2080000)
  from space 5120K, 99% used [0x00000000f2580000,0x00000000f2a7af00,0x00000000f2a80000)
  to   space 5120K, 0% used [0x00000000f2080000,0x00000000f2080000,0x00000000f2580000)
 ParOldGen       total 87552K, used 23571K [0x00000000d0000000, 0x00000000d5580000, 0x00000000f0000000)
  object space 87552K, 26% used [0x00000000d0000000,0x00000000d1704d98,0x00000000d5580000)
 Metaspace       used 9452K, capacity 10016K, committed 10240K, reserved 1058816K
  class space    used 1466K, capacity 1488K, committed 1536K, reserved 1048576K
Event: 9.476 GC heap after
Heap after GC invocations=7 (full 0):
 PSYoungGen      total 38400K, used 5090K [0x00000000f0000000, 0x00000000f2a80000, 0x0000000100000000)
  eden space 33280K, 0% used [0x00000000f0000000,0x00000000f0000000,0x00000000f2080000)
  from space 5120K, 99% used [0x00000000f2080000,0x00000000f25788f0,0x00000000f2580000)
  to   space 5120K, 0% used [0x00000000f2580000,0x00000000f2580000,0x00000000f2a80000)
 ParOldGen       total 87552K, used 27388K [0x00000000d0000000, 0x00000000d5580000, 0x00000000f0000000)
  object space 87552K, 31% used [0x00000000d0000000,0x00000000d1abf008,0x00000000d5580000)
 Metaspace       used 9452K, capacity 10016K, committed 10240K, reserved 1058816K
  class space    used 1466K, capacity 1488K, committed 1536K, reserved 1048576K
}
Event: 9.559 GC heap before
{Heap before GC invocations=8 (full 0):
 PSYoungGen      total 38400K, used 38370K [0x00000000f0000000, 0x00000000f2a80000, 0x0000000100000000)
  eden space 33280K, 100% used [0x00000000f0000000,0x00000000f2080000,0x00000000f2080000)
  from space 5120K, 99% used [0x00000000f2080000,0x00000000f25788f0,0x00000000f2580000)
  to   space 5120K, 0% used [0x00000000f2580000,0x00000000f2580000,0x00000000f2a80000)
 ParOldGen       total 87552K, used 27388K [0x00000000d0000000, 0x00000000d5580000, 0x00000000f0000000)
  object space 87552K, 31% used [0x00000000d0000000,0x00000000d1abf008,0x00000000d5580000)
 Metaspace       used 9459K, capacity 10016K, committed 10240K, reserved 1058816K
  class space    used 1467K, capacity 1488K, committed 1536K, reserved 1048576K
Event: 9.574 GC heap after
Heap after GC invocations=8 (full 0):
 PSYoungGen      total 38400K, used 5088K [0x00000000f0000000, 0x00000000f2a80000, 0x0000000100000000)
  eden space 33280K, 0% used [0x00000000f0000000,0x00000000f0000000,0x00000000f2080000)
  from space 5120K, 99% used [0x00000000f2580000,0x00000000f2a78010,0x00000000f2a80000)
  to   space 5120K, 0% used [0x00000000f2080000,0x00000000f2080000,0x00000000f2580000)
 ParOldGen       total 87552K, used 30374K [0x00000000d0000000, 0x00000000d5580000, 0x00000000f0000000)
  object space 87552K, 34% used [0x00000000d0000000,0x00000000d1da99a8,0x00000000d5580000)
 Metaspace       used 9459K, capacity 10016K, committed 10240K, reserved 1058816K
  class space    used 1467K, capacity 1488K, committed 1536K, reserved 1048576K
}

