# JRE version: Java(TM) SE Runtime Environment (8.0_65-b17) (build 1.8.0_65-b17)
# Java VM: Java HotSpot(TM) 64-Bit Server VM (25.65-b01 mixed mode windows-amd64 compressed oops)
Heap:
 PSYoungGen      total 38400K, used 20342K [0x00000000f0000000, 0x00000000f4b00000, 0x0000000100000000)
  eden space 33280K, 45% used [0x00000000f0000000,0x00000000f0ee3538,0x00000000f2080000)
  from space 5120K, 99% used [0x00000000f2080000,0x00000000f257a660,0x00000000f2580000)
  to   space 5120K, 0% used [0x00000000f4600000,0x00000000f4600000,0x00000000f4b00000)
 ParOldGen       total 87552K, used 8870K [0x00000000d0000000, 0x00000000d5580000, 0x00000000f0000000)
  object space 87552K, 10% used [0x00000000d0000000,0x00000000d08a99e0,0x00000000d5580000)
 Metaspace       used 7797K, capacity 8668K, committed 8960K, reserved 1056768K
  class space    used 1222K, capacity 1228K, committed 1280K, reserved 1048576K
GC Heap History (6 events):
Event: 24.436 GC heap before
{Heap before GC invocations=1 (full 0):
 PSYoungGen      total 38400K, used 33280K [0x00000000f0000000, 0x00000000f2a80000, 0x0000000100000000)
  eden space 33280K, 100% used [0x00000000f0000000,0x00000000f2080000,0x00000000f2080000)
  from space 5120K, 0% used [0x00000000f2580000,0x00000000f2580000,0x00000000f2a80000)
  to   space 5120K, 0% used [0x00000000f2080000,0x00000000f2080000,0x00000000f2580000)
 ParOldGen       total 87552K, used 0K [0x00000000d0000000, 0x00000000d5580000, 0x00000000f0000000)
  object space 87552K, 0% used [0x00000000d0000000,0x00000000d0000000,0x00000000d5580000)
 Metaspace       used 6727K, capacity 7768K, committed 8064K, reserved 1056768K
  class space    used 1052K, capacity 1096K, committed 1152K, reserved 1048576K
Event: 24.457 GC heap after
Heap after GC invocations=1 (full 0):
 PSYoungGen      total 38400K, used 5091K [0x00000000f0000000, 0x00000000f2a80000, 0x0000000100000000)
  eden space 33280K, 0% used [0x00000000f0000000,0x00000000f0000000,0x00000000f2080000)
  from space 5120K, 99% used [0x00000000f2080000,0x00000000f2578dc0,0x00000000f2580000)
  to   space 5120K, 0% used [0x00000000f2580000,0x00000000f2580000,0x00000000f2a80000)
 ParOldGen       total 87552K, used 4582K [0x00000000d0000000, 0x00000000d5580000, 0x00000000f0000000)
  object space 87552K, 5% used [0x00000000d0000000,0x00000000d0479b78,0x00000000d5580000)
 Metaspace       used 6727K, capacity 7768K, committed 8064K, reserved 1056768K
  class space    used 1052K, capacity 1096K, committed 1152K, reserved 1048576K
}
Event: 24.861 GC heap before
{Heap before GC invocations=2 (full 0):
 PSYoungGen      total 38400K, used 38371K [0x00000000f0000000, 0x00000000f2a80000, 0x0000000100000000)
  eden space 33280K, 100% used [0x00000000f0000000,0x00000000f2080000,0x00000000f2080000)
  from space 5120K, 99% used [0x00000000f2080000,0x00000000f2578dc0,0x00000000f2580000)
  to   space 5120K, 0% used [0x00000000f2580000,0x00000000f2580000,0x00000000f2a80000)
 ParOldGen       total 87552K, used 4582K [0x00000000d0000000, 0x00000000d5580000, 0x00000000f0000000)
  object space 87552K, 5% used [0x00000000d0000000,0x00000000d0479b78,0x00000000d5580000)
 Metaspace       used 7201K, capacity 8280K, committed 8448K, reserved 1056768K
  class space    used 1110K, capacity 1160K, committed 1280K, reserved 1048576K
Event: 24.881 GC heap after
Heap after GC invocations=2 (full 0):
 PSYoungGen      total 38400K, used 5097K [0x00000000f0000000, 0x00000000f4b00000, 0x0000000100000000)
  eden space 33280K, 0% used [0x00000000f0000000,0x00000000f0000000,0x00000000f2080000)
  from space 5120K, 99% used [0x00000000f2580000,0x00000000f2a7a620,0x00000000f2a80000)
  to   space 5120K, 0% used [0x00000000f2080000,0x00000000f2080000,0x00000000f2580000)
 ParOldGen       total 87552K, used 8401K [0x00000000d0000000, 0x00000000d5580000, 0x00000000f0000000)
  object space 87552K, 9% used [0x00000000d0000000,0x00000000d0834758,0x00000000d5580000)
 Metaspace       used 7201K, capacity 8280K, committed 8448K, reserved 1056768K
  class space    used 1110K, capacity 1160K, committed 1280K, reserved 1048576K
}
Event: 25.025 GC heap before
{Heap before GC invocations=3 (full 0):
 PSYoungGen      total 38400K, used 38377K [0x00000000f0000000, 0x00000000f4b00000, 0x0000000100000000)
  eden space 33280K, 100% used [0x00000000f0000000,0x00000000f2080000,0x00000000f2080000)
  from space 5120K, 99% used [0x00000000f2580000,0x00000000f2a7a620,0x00000000f2a80000)
  to   space 5120K, 0% used [0x00000000f2080000,0x00000000f2080000,0x00000000f2580000)
 ParOldGen       total 87552K, used 8401K [0x00000000d0000000, 0x00000000d5580000, 0x00000000f0000000)
  object space 87552K, 9% used [0x00000000d0000000,0x00000000d0834758,0x00000000d5580000)
 Metaspace       used 7307K, capacity 8376K, committed 8704K, reserved 1056768K
  class space    used 1144K, capacity 1192K, committed 1280K, reserved 1048576K
Event: 25.037 GC heap after
Heap after GC invocations=3 (full 0):
 PSYoungGen      total 38400K, used 5097K [0x00000000f0000000, 0x00000000f4b00000, 0x0000000100000000)
  eden space 33280K, 0% used [0x00000000f0000000,0x00000000f0000000,0x00000000f2080000)
  from space 5120K, 99% used [0x00000000f2080000,0x00000000f257a660,0x00000000f2580000)
  to   space 5120K, 0% used [0x00000000f4600000,0x00000000f4600000,0x00000000f4b00000)
 ParOldGen       total 87552K, used 8870K [0x00000000d0000000, 0x00000000d5580000, 0x00000000f0000000)
  object space 87552K, 10% used [0x00000000d0000000,0x00000000d08a99e0,0x00000000d5580000)
 Metaspace       used 7307K, capacity 8376K, committed 8704K, reserved 1056768K
  class space    used 1144K, capacity 1192K, committed 1280K, reserved 1048576K
}

